  condition_parser.cpp
C:\Program Files (x86)\Microsoft Visual Studio\2019\Community\VC\Tools\MSVC\14.21.27702\include\memory(1526): error C2259:  EmptyNode: невозможно создать экземпляр абстрактного класса
C:\Program Files (x86)\Microsoft Visual Studio\2019\Community\VC\Tools\MSVC\14.21.27702\include\memory(1526): message :  из-за следующих членов:
C:\Program Files (x86)\Microsoft Visual Studio\2019\Community\VC\Tools\MSVC\14.21.27702\include\memory(1526): message :  bool Node::Evaluate(const Date &,const std::string &): абстрактный
D:\Git\Modern-Cplusplus\Yellow Belt\Week_6 (Final_project)\node.h(27): message :   см. объявление "Node::Evaluate"
C:\Program Files (x86)\Microsoft Visual Studio\2019\Community\VC\Tools\MSVC\14.21.27702\include\memory(1581): message :  выполняется компиляция ссылки на экземпляр шаблон функции "std::_Ref_count_obj<_Ty>::_Ref_count_obj<>(void)"
C:\Program Files (x86)\Microsoft Visual Studio\2019\Community\VC\Tools\MSVC\14.21.27702\include\memory(1581): message :         with
C:\Program Files (x86)\Microsoft Visual Studio\2019\Community\VC\Tools\MSVC\14.21.27702\include\memory(1581): message :         [
C:\Program Files (x86)\Microsoft Visual Studio\2019\Community\VC\Tools\MSVC\14.21.27702\include\memory(1581): message :             _Ty=EmptyNode
C:\Program Files (x86)\Microsoft Visual Studio\2019\Community\VC\Tools\MSVC\14.21.27702\include\memory(1581): message :         ]
C:\Program Files (x86)\Microsoft Visual Studio\2019\Community\VC\Tools\MSVC\14.21.27702\include\memory(1582): message :  выполняется компиляция ссылки на экземпляр шаблон функции "std::_Ref_count_obj<_Ty>::_Ref_count_obj<>(void)"
C:\Program Files (x86)\Microsoft Visual Studio\2019\Community\VC\Tools\MSVC\14.21.27702\include\memory(1582): message :         with
C:\Program Files (x86)\Microsoft Visual Studio\2019\Community\VC\Tools\MSVC\14.21.27702\include\memory(1582): message :         [
C:\Program Files (x86)\Microsoft Visual Studio\2019\Community\VC\Tools\MSVC\14.21.27702\include\memory(1582): message :             _Ty=EmptyNode
C:\Program Files (x86)\Microsoft Visual Studio\2019\Community\VC\Tools\MSVC\14.21.27702\include\memory(1582): message :         ]
  condition_parser_test.cpp
  database.cpp
  date.cpp
  node.cpp
  test_runner.cpp
  token.cpp
  Week_6 (Final_project).cpp
D:\Git\Modern-Cplusplus\Yellow Belt\Week_6 (Final_project)\condition_parser.cpp(147): message :  выполняется компиляция ссылки на экземпляр шаблон функции "std::shared_ptr<EmptyNode> std::make_shared<EmptyNode,>(void)"
C:\Program Files (x86)\Microsoft Visual Studio\2019\Community\VC\Tools\MSVC\14.21.27702\include\algorithm(142,1): error C2064:  результатом вычисления фрагмента не является функция, принимающая 1 аргументов
C:\Program Files (x86)\Microsoft Visual Studio\2019\Community\VC\Tools\MSVC\14.21.27702\include\algorithm(142,1): message :  класс не определяет "operator()" или пользовательский оператор преобразования в указатель на функцию или ссылку на функцию, принимающий подходящее число аргументов
D:\Git\Modern-Cplusplus\Yellow Belt\Week_6 (Final_project)\database.h(31): message :  выполняется компиляция ссылки на экземпляр шаблон функции "_InIt std::find_if<std::_Tree_iterator<std::_Tree_val<std::_Tree_simple_types<std::pair<const _Kty,_Ty>>>>,Func>(_InIt,const _InIt,_Pr)"
D:\Git\Modern-Cplusplus\Yellow Belt\Week_6 (Final_project)\database.h(31): message :         with
D:\Git\Modern-Cplusplus\Yellow Belt\Week_6 (Final_project)\database.h(31): message :         [
D:\Git\Modern-Cplusplus\Yellow Belt\Week_6 (Final_project)\database.h(31): message :             _InIt=std::_Tree_iterator<std::_Tree_val<std::_Tree_simple_types<std::pair<const Date,std::vector<std::string,std::allocator<std::string>>>>>>,
D:\Git\Modern-Cplusplus\Yellow Belt\Week_6 (Final_project)\database.h(31): message :             _Kty=Date,
D:\Git\Modern-Cplusplus\Yellow Belt\Week_6 (Final_project)\database.h(31): message :             _Ty=std::vector<std::string,std::allocator<std::string>>,
D:\Git\Modern-Cplusplus\Yellow Belt\Week_6 (Final_project)\database.h(31): message :             Func=main::<lambda_adf37630cba528c988d7ce0f9201230a>,
D:\Git\Modern-Cplusplus\Yellow Belt\Week_6 (Final_project)\database.h(31): message :             _Pr=main::<lambda_adf37630cba528c988d7ce0f9201230a>
D:\Git\Modern-Cplusplus\Yellow Belt\Week_6 (Final_project)\database.h(31): message :         ]
  Создание кода...
D:\Git\Modern-Cplusplus\Yellow Belt\Week_6 (Final_project)\Week_6 (Final_project).cpp(178): message :  выполняется компиляция ссылки на экземпляр шаблон функции "std::vector<std::string,std::allocator<_Ty>> Database::FindIf<main::<lambda_adf37630cba528c988d7ce0f9201230a>>(Func)"
D:\Git\Modern-Cplusplus\Yellow Belt\Week_6 (Final_project)\Week_6 (Final_project).cpp(178): message :         with
D:\Git\Modern-Cplusplus\Yellow Belt\Week_6 (Final_project)\Week_6 (Final_project).cpp(178): message :         [
D:\Git\Modern-Cplusplus\Yellow Belt\Week_6 (Final_project)\Week_6 (Final_project).cpp(178): message :             _Ty=std::string,
D:\Git\Modern-Cplusplus\Yellow Belt\Week_6 (Final_project)\Week_6 (Final_project).cpp(178): message :             Func=main::<lambda_adf37630cba528c988d7ce0f9201230a>
D:\Git\Modern-Cplusplus\Yellow Belt\Week_6 (Final_project)\Week_6 (Final_project).cpp(178): message :         ]
